<?xml version="1.0" encoding="UTF-8"?>
<!-- Generated by org.testng.reporters.JUnitReportReporter -->
<testsuite hostname="LAPTOP-VNBA3OG5" failures="0" tests="3" name="_CountOfBalancedString_P._CountOfBalancedString.CountOfBalancedString" time="0.018" errors="0" timestamp="2021-10-01T12:49:54 CDT" skipped="0">
  <testcase classname="_CountOfBalancedString_P._CountOfBalancedString.CountOfBalancedString" name="testcase2" time="0.002"/>
  <system-out/>
  <testcase classname="_CountOfBalancedString_P._CountOfBalancedString.CountOfBalancedString" name="testcase1" time="0.015"/>
  <system-out/>
  <testcase classname="_CountOfBalancedString_P._CountOfBalancedString.CountOfBalancedString" name="testcase3" time="0.001"/>
  <system-out/>
</testsuite> <!-- _CountOfBalancedString_P._CountOfBalancedString.CountOfBalancedString -->
